#
# There is insufficient memory for the Java Runtime Environment to continue.
# Native memory allocation (malloc) failed to allocate 1048576 bytes for AllocateHeap
# Possible reasons:
#   The system is out of physical RAM or swap space
#   In 32 bit mode, the process size limit was hit
# Possible solutions:
#   Reduce memory load on the system
#   Increase physical memory or swap space
#   Check if swap backing store is full
#   Use 64 bit Java on a 64 bit OS
#   Decrease Java heap size (-Xmx/-Xms)
#   Decrease number of Java threads
#   Decrease Java thread stack sizes (-Xss)
#   Set larger code cache with -XX:ReservedCodeCacheSize=
# This output file may be truncated or incomplete.
#
#  Out of Memory Error (memory/allocation.inline.hpp:62), pid=10792, tid=10296
#
# JRE version:  (8.0_25-b18) (build )
# Java VM: Java HotSpot(TM) 64-Bit Server VM (25.25-b02 mixed mode windows-amd64 compressed oops)
# Failed to write core dump. Minidumps are not enabled by default on client versions of Windows
#

---------------  T H R E A D  ---------------

Current thread (0x000000000231e000):  JavaThread "Unknown thread" [_thread_in_vm, id=10296, stack(0x00000000021a0000,0x00000000022a0000)]

Stack: [0x00000000021a0000,0x00000000022a0000]
Native frames: (J=compiled Java code, j=interpreted, Vv=VM code, C=native code)
V  [jvm.dll+0x31667a]
V  [jvm.dll+0x267073]
V  [jvm.dll+0x267cb3]
V  [jvm.dll+0x25f5b5]
V  [jvm.dll+0x3aa31f]
V  [jvm.dll+0x3d5f12]
V  [jvm.dll+0x3d635c]
V  [jvm.dll+0x3d1967]
V  [jvm.dll+0xe53f2]
V  [jvm.dll+0x1f9b19]
V  [jvm.dll+0x22b2e4]
V  [jvm.dll+0x14d571]
C  [java.exe+0x20b6]
C  [java.exe+0xc9bb]
C  [java.exe+0xca4f]
C  [KERNEL32.DLL+0x13d2]
C  [ntdll.dll+0x6e954]


---------------  P R O C E S S  ---------------

Java Threads: ( => current thread )

Other Threads:

=>0x000000000231e000 (exited) JavaThread "Unknown thread" [_thread_in_vm, id=10296, stack(0x00000000021a0000,0x00000000022a0000)]

VM state:not at safepoint (normal execution)

VM Mutex/Monitor currently owned by a thread: None

Heap:
 PSYoungGen      total 18944K, used 327K [0x00000000eab00000, 0x00000000ec000000, 0x0000000100000000)
  eden space 16384K, 2% used [0x00000000eab00000,0x00000000eab51ec8,0x00000000ebb00000)
  from space 2560K, 0% used [0x00000000ebd80000,0x00000000ebd80000,0x00000000ec000000)
  to   space 2560K, 0% used [0x00000000ebb00000,0x00000000ebb00000,0x00000000ebd80000)
 ParOldGen       total 44032K, used 0K [0x00000000c0000000, 0x00000000c2b00000, 0x00000000eab00000)
  object space 44032K, 0% used [0x00000000c0000000,0x00000000c0000000,0x00000000c2b00000)
 Metaspace       used 674K, capacity 4480K, committed 4480K, reserved 1056768K
  class space    used 66K, capacity 384K, committed 384K, reserved 1048576K

Card table byte_map: [0x00000000117e0000,0x00000000119f0000] byte_map_base: 0x00000000111e0000

Marking Bits: (ParMarkBitMap*) 0x000000007069d490
 Begin Bits: [0x0000000011f50000, 0x0000000012f50000)
 End Bits:   [0x0000000012f50000, 0x0000000013f50000)

Polling page: 0x0000000000a10000

CodeCache: size=245760Kb used=327Kb max_used=327Kb free=245432Kb
 bounds [0x0000000002420000, 0x0000000002690000, 0x0000000011420000]
 total_blobs=56 nmethods=0 adapters=37
 compilation: enabled

Compilation events (0 events):
No events

GC Heap History (0 events):
No events

Deoptimization events (0 events):
No events

Internal exceptions (0 events):
No events

Events (10 events):
Event: 0.036 loading class java/lang/Short
Event: 0.036 loading class java/lang/Short done
Event: 0.036 loading class java/lang/Integer
Event: 0.036 loading class java/lang/Integer done
Event: 0.036 loading class java/lang/Long
Event: 0.037 loading class java/lang/Long done
Event: 0.038 loading class java/lang/NullPointerException
Event: 0.038 loading class java/lang/NullPointerException done
Event: 0.038 loading class java/lang/ArithmeticException
Event: 0.038 loading class java/lang/ArithmeticException done


Dynamic libraries:
0x00007ff6ad300000 - 0x00007ff6ad334000 	C:\Program Files\Java\jdk1.8.0_25\bin\java.exe
0x00007ffdb1a30000 - 0x00007ffdb1bdc000 	C:\WINDOWS\SYSTEM32\ntdll.dll
0x00007ffdafe50000 - 0x00007ffdaff8e000 	C:\WINDOWS\system32\KERNEL32.DLL
0x00007ffdaed00000 - 0x00007ffdaee15000 	C:\WINDOWS\system32\KERNELBASE.dll
0x00007ffdad4f0000 - 0x00007ffdad57e000 	C:\WINDOWS\system32\apphelp.dll
0x00007ffd9cb60000 - 0x00007ffd9cbb3000 	C:\WINDOWS\AppPatch\AppPatch64\AcGenral.DLL
0x00007ffdaf380000 - 0x00007ffdaf42a000 	C:\WINDOWS\system32\msvcrt.dll
0x00007ffdae9b0000 - 0x00007ffdae9de000 	C:\WINDOWS\SYSTEM32\SspiCli.dll
0x00007ffdb19d0000 - 0x00007ffdb1a24000 	C:\WINDOWS\system32\SHLWAPI.dll
0x00007ffdafb20000 - 0x00007ffdafc97000 	C:\WINDOWS\system32\USER32.dll
0x00007ffdafca0000 - 0x00007ffdafe34000 	C:\WINDOWS\system32\ole32.dll
0x00007ffdb0140000 - 0x00007ffdb1658000 	C:\WINDOWS\system32\SHELL32.dll
0x00007ffdae550000 - 0x00007ffdae571000 	C:\WINDOWS\SYSTEM32\USERENV.dll
0x00007ffdb1660000 - 0x00007ffdb170a000 	C:\WINDOWS\system32\ADVAPI32.dll
0x00007ffda5320000 - 0x00007ffda533e000 	C:\WINDOWS\SYSTEM32\MPR.dll
0x00007ffdb1710000 - 0x00007ffdb1851000 	C:\WINDOWS\system32\RPCRT4.dll
0x00007ffdaf5b0000 - 0x00007ffdaf609000 	C:\WINDOWS\SYSTEM32\sechost.dll
0x00007ffdaf610000 - 0x00007ffdaf821000 	C:\WINDOWS\SYSTEM32\combase.dll
0x00007ffdb1870000 - 0x00007ffdb19c1000 	C:\WINDOWS\system32\GDI32.dll
0x00007ffdaeb80000 - 0x00007ffdaeb95000 	C:\WINDOWS\SYSTEM32\profapi.dll
0x00007ffdace40000 - 0x00007ffdacef2000 	C:\WINDOWS\SYSTEM32\SHCORE.dll
0x00007ffdaf8f0000 - 0x00007ffdaf926000 	C:\WINDOWS\system32\IMM32.DLL
0x00007ffdaf450000 - 0x00007ffdaf5a1000 	C:\WINDOWS\system32\MSCTF.dll
0x00007ffdab960000 - 0x00007ffdabbdb000 	C:\WINDOWS\WinSxS\amd64_microsoft.windows.common-controls_6595b64144ccf1df_6.0.9600.17415_none_6240486fecbd8abb\COMCTL32.dll
0x000000006fbd0000 - 0x000000006fca2000 	C:\Program Files\Java\jdk1.8.0_25\jre\bin\msvcr100.dll
0x000000006fec0000 - 0x000000007071a000 	C:\Program Files\Java\jdk1.8.0_25\jre\bin\server\jvm.dll
0x00007ffda54a0000 - 0x00007ffda54a9000 	C:\WINDOWS\SYSTEM32\WSOCK32.dll
0x00007ffda6b30000 - 0x00007ffda6b52000 	C:\WINDOWS\SYSTEM32\WINMM.dll
0x00007ffdafb10000 - 0x00007ffdafb17000 	C:\WINDOWS\system32\PSAPI.DLL
0x00007ffdaf320000 - 0x00007ffdaf37a000 	C:\WINDOWS\system32\WS2_32.dll
0x00007ffda6b00000 - 0x00007ffda6b2a000 	C:\WINDOWS\SYSTEM32\WINMMBASE.dll
0x00007ffdafe40000 - 0x00007ffdafe49000 	C:\WINDOWS\system32\NSI.dll
0x00007ffdaf060000 - 0x00007ffdaf0af000 	C:\WINDOWS\SYSTEM32\cfgmgr32.dll
0x00007ffdad970000 - 0x00007ffdad998000 	C:\WINDOWS\SYSTEM32\DEVOBJ.dll
0x0000000071070000 - 0x000000007107f000 	C:\Program Files\Java\jdk1.8.0_25\jre\bin\verify.dll
0x0000000070b90000 - 0x0000000070bb8000 	C:\Program Files\Java\jdk1.8.0_25\jre\bin\java.dll
0x0000000070b70000 - 0x0000000070b86000 	C:\Program Files\Java\jdk1.8.0_25\jre\bin\zip.dll
0x00007ffdaa6f0000 - 0x00007ffdaa87a000 	C:\WINDOWS\SYSTEM32\dbghelp.dll

VM Arguments:
jvm_args: -Xmx1024M -Dfile.encoding=windows-1252 -Duser.country=US -Duser.language=en -Duser.variant 
java_command: com.android.dx.command.Main --dex --output C:\Users\Louis\AndroidStudioProjects\QueueUpPlayer\app\build\intermediates\dex\debug C:\Users\Louis\AndroidStudioProjects\QueueUpPlayer\app\build\intermediates\classes\debug C:\Users\Louis\AndroidStudioProjects\QueueUpPlayer\app\build\intermediates\pre-dexed\debug\jnihelpers-1.0-1aae01cbfe04d9f1d6c8dd12458d75bc5e4f23be.jar C:\Users\Louis\AndroidStudioProjects\QueueUpPlayer\app\build\intermediates\pre-dexed\debug\support-annotations-22.0.0-8e64f8deb40b0d2d56507d04a0c5b667a365a46f.jar C:\Users\Louis\AndroidStudioProjects\QueueUpPlayer\app\build\intermediates\pre-dexed\debug\socket.io-0.4.3-SNAPSHOT-f90d52a2981f084ea782c74ec5bb1c93846e3017.jar C:\Users\Louis\AndroidStudioProjects\QueueUpPlayer\app\build\intermediates\pre-dexed\debug\classes-8773dacece2d1c7e4a043a40c8623c32e3044224.jar C:\Users\Louis\AndroidStudioProjects\QueueUpPlayer\app\build\intermediates\pre-dexed\debug\engine.io-client-0.4.1-6bddbe3dd99120e07550dd6f12194faa1b9cac57.jar C:\Users\Louis\AndroidStudioProjects\QueueUpPlayer\app\build\intermediates\pre-dexed\debug\Java-WebSocket-1.3.0-63f1d16f92ce675b44fc2e8f9653c85bd10f74e2.jar C:\Users\Louis\AndroidStudioProjects\QueueUpPlayer\app\build\intermediates\pre-dexed\debug\internal_impl-22.0.0-84d102538d5544d902d3f561e0cae1a5ca640bb1.jar C:\Users\Louis\AndroidStudioProjects\QueueUpPlayer\app\build\intermediates\pre-dexed\debug\classes-f62356b46db465afce7ef9012100c058bd249487.jar C:\Users\Louis\AndroidStudioProjects\QueueUpPlayer\app\build\intermediates\pre-dexed\debug\classes-413a530507e368fe93d1f34491616c3567271eda.jar
java_class_path (initial): C:\Users\Louis\AppData\Local\Android\sdk\build-tools\21.1.2\lib\dx.jar
Launcher Type: SUN_STANDARD

Environment Variables:
JAVA_HOME=C:\Program Files\Java\jdk1.8.0_25
CLASSPATH=C:\Program Files\libsvm-3.20\java\libsvm.jar;C:\Program Files\wekaclassalgos1.8\wekaclassalgos.jar
PATH=C:\ProgramData\Oracle\Java\javapath;C:\Program Files (x86)\Intel\iCLS Client\;C:\Program Files\Intel\iCLS Client\;C:\WINDOWS\system32;C:\WINDOWS;C:\WINDOWS\System32\Wbem;C:\WINDOWS\System32\WindowsPowerShell\v1.0\;C:\Program Files\Intel\WiFi\bin\;C:\Program Files\Common Files\Intel\WirelessCommon\;C:\Program Files (x86)\Intel\OpenCL SDK\2.0\bin\x86;C:\Program Files (x86)\Intel\OpenCL SDK\2.0\bin\x64;C:\Program Files (x86)\Windows Live\Shared;C:\Program Files\Condusiv Technologies\IntelliMemory\;C:\Python27;C:\Program Files (x86)\PharosSystems\Core;C:\Program Files (x86)\MiKTeX 2.9\miktex\bin\;C:\Program Files\nodejs\;C:\Program Files\Intel\Intel(R) Management Engine Components\DAL;C:\Program Files\Intel\Intel(R) Management Engine Components\IPT;C:\Program Files (x86)\Intel\Intel(R) Management Engine Components\DAL;C:\Program Files (x86)\Intel\Intel(R) Management Engine Components\IPT;C:\Program Files (x86)\Windows Kits\8.0\Windows Performance Toolkit\;C:\RailsInstaller\Ruby2.0.0\bin;C:\Program Files (x86)\Nmap;C:\Users\Louis\AppData\Roaming\npm;C:\Program Files (x86)\GnuWin32\bin;C:\Program Files\Java\jdk1.8.0_25\bin;C:\Program Files\MongoDb\Server\3.0\bin;C:\Program Files\libspotify\lib;C:\Program Files\apache-ant\bin
USERNAME=Louis
OS=Windows_NT
PROCESSOR_IDENTIFIER=Intel64 Family 6 Model 58 Stepping 9, GenuineIntel



---------------  S Y S T E M  ---------------

OS: Windows 8.1 , 64 bit Build 9600 

CPU:total 4 (2 cores per cpu, 2 threads per core) family 6 model 58 stepping 9, cmov, cx8, fxsr, mmx, sse, sse2, sse3, ssse3, sse4.1, sse4.2, popcnt, avx, aes, clmul, erms, ht, tsc, tscinvbit, tscinv

Memory: 4k page, physical 4076052k(606624k free), swap 7221784k(5500k free)

vm_info: Java HotSpot(TM) 64-Bit Server VM (25.25-b02) for windows-amd64 JRE (1.8.0_25-b18), built on Oct  7 2014 14:25:37 by "java_re" with MS VC++ 10.0 (VS2010)

time: Fri Mar 20 21:53:11 2015
elapsed time: 0 seconds (0d 0h 0m 0s)

